Using pre-set license
Built from '2021.2/staging' branch; Version is '2021.2.6f1 (8c4e826ba445) revision 9195138'; Using compiler version '192829333'; Build Type 'Release'
OS: 'Windows 10  (10.0.19042) 64bit Core' Language: 'fi' Physical Memory: 16335 MB
BatchMode: 1, IsHumanControllingUs: 0, StartBugReporterOnCrash: 0, Is64bit: 1, IsPro: 0

COMMAND LINE ARGUMENTS:
D:\Ohjelmat\Unity\2021.2.6f1\Editor\Unity.exe
-adb2
-batchMode
-noUpm
-name
AssetImportWorker1
-projectPath
Z:/Sekalaiset projektit/Paattisten luontopolku/Paattisten_luontopolku_WebXR
-logFile
Logs/AssetImportWorker1.log
-srvPort
49981
Successfully changed project path to: Z:/Sekalaiset projektit/Paattisten luontopolku/Paattisten_luontopolku_WebXR
Z:/Sekalaiset projektit/Paattisten luontopolku/Paattisten_luontopolku_WebXR
[UnityMemory] Configuration Parameters - Can be set up in boot.config
    "memorysetup-bucket-allocator-granularity=16"
    "memorysetup-bucket-allocator-bucket-count=8"
    "memorysetup-bucket-allocator-block-size=33554432"
    "memorysetup-bucket-allocator-block-count=8"
    "memorysetup-main-allocator-block-size=16777216"
    "memorysetup-thread-allocator-block-size=16777216"
    "memorysetup-gfx-main-allocator-block-size=16777216"
    "memorysetup-gfx-thread-allocator-block-size=16777216"
    "memorysetup-cache-allocator-block-size=4194304"
    "memorysetup-typetree-allocator-block-size=2097152"
    "memorysetup-profiler-bucket-allocator-granularity=16"
    "memorysetup-profiler-bucket-allocator-bucket-count=8"
    "memorysetup-profiler-bucket-allocator-block-size=33554432"
    "memorysetup-profiler-bucket-allocator-block-count=8"
    "memorysetup-profiler-allocator-block-size=16777216"
    "memorysetup-profiler-editor-allocator-block-size=1048576"
    "memorysetup-temp-allocator-size-main=16777216"
    "memorysetup-job-temp-allocator-block-size=2097152"
    "memorysetup-job-temp-allocator-block-size-background=1048576"
    "memorysetup-job-temp-allocator-reduction-small-platforms=262144"
    "memorysetup-temp-allocator-size-background-worker=32768"
    "memorysetup-temp-allocator-size-job-worker=262144"
    "memorysetup-temp-allocator-size-preload-manager=33554432"
    "memorysetup-temp-allocator-size-nav-mesh-worker=65536"
    "memorysetup-temp-allocator-size-audio-worker=65536"
    "memorysetup-temp-allocator-size-cloud-worker=32768"
    "memorysetup-temp-allocator-size-gi-baking-worker=262144"
    "memorysetup-temp-allocator-size-gfx=262144"
Refreshing native plugins compatible for Editor in 136.70 ms, found 3 plugins.
Preloading 0 native plugins for Editor in 0.00 ms.
Initialize engine version: 2021.2.6f1 (8c4e826ba445)
[Subsystems] Discovering subsystems at path D:/Ohjelmat/Unity/2021.2.6f1/Editor/Data/Resources/UnitySubsystems
[Subsystems] Discovering subsystems at path Z:/Sekalaiset projektit/Paattisten luontopolku/Paattisten_luontopolku_WebXR/Assets
GfxDevice: creating device client; threaded=0; jobified=0
Direct3D:
    Version:  Direct3D 11.0 [level 11.1]
    Renderer: NVIDIA GeForce GTX 1070 (ID=0x1b81)
    Vendor:   NVIDIA
    VRAM:     8088 MB
    Driver:   27.21.14.5751
Initialize mono
Mono path[0] = 'D:/Ohjelmat/Unity/2021.2.6f1/Editor/Data/Managed'
Mono path[1] = 'D:/Ohjelmat/Unity/2021.2.6f1/Editor/Data/MonoBleedingEdge/lib/mono/unityjit-win32'
Mono config path = 'D:/Ohjelmat/Unity/2021.2.6f1/Editor/Data/MonoBleedingEdge/etc'
Using monoOptions --debugger-agent=transport=dt_socket,embedding=1,server=y,suspend=n,address=127.0.0.1:56656
Begin MonoManager ReloadAssembly
Registering precompiled unity dll's ...
Register platform support module: D:/Ohjelmat/Unity/2021.2.6f1/Editor/Data/PlaybackEngines/WebGLSupport/UnityEditor.WebGL.Extensions.dll
Register platform support module: D:/Ohjelmat/Unity/2021.2.6f1/Editor/Data/PlaybackEngines/WindowsStandaloneSupport/UnityEditor.WindowsStandalone.Extensions.dll
Registered in 0.004493 seconds.
Native extension for WindowsStandalone target not found
Native extension for WebGL target not found
Refreshing native plugins compatible for Editor in 139.13 ms, found 3 plugins.
Preloading 0 native plugins for Editor in 0.00 ms.
Mono: successfully reloaded assembly
- Completed reload, in  0.814 seconds
Domain Reload Profiling:
	ReloadAssembly (815ms)
		BeginReloadAssembly (84ms)
			ExecutionOrderSort (0ms)
			DisableScriptedObjects (0ms)
			BackupInstance (0ms)
			ReleaseScriptingObjects (0ms)
			CreateAndSetChildDomain (1ms)
		EndReloadAssembly (642ms)
			LoadAssemblies (83ms)
			RebuildTransferFunctionScriptingTraits (0ms)
			SetupTypeCache (130ms)
			ReleaseScriptCaches (0ms)
			RebuildScriptCaches (39ms)
			SetupLoadedEditorAssemblies (411ms)
				LogAssemblyErrors (0ms)
				InitializePlatformSupportModulesInManaged (19ms)
				SetLoadedEditorAssemblies (0ms)
				RefreshPlugins (139ms)
				BeforeProcessingInitializeOnLoad (2ms)
				ProcessInitializeOnLoadAttributes (193ms)
				ProcessInitializeOnLoadMethodAttributes (57ms)
				AfterProcessingInitializeOnLoad (0ms)
				EditorAssembliesLoaded (0ms)
			ExecutionOrderSort2 (0ms)
			AwakeInstancesAfterBackupRestoration (0ms)
Platform modules already initialized, skipping
Registering precompiled user dll's ...
Registered in 0.005003 seconds.
Begin MonoManager ReloadAssembly
Symbol file LoadedFromMemory doesn't match image Z:\Sekalaiset projektit\Paattisten luontopolku\Paattisten_luontopolku_WebXR\Library\PackageCache\com.unity.visualscripting@1.7.2\Editor\VisualScripting.Core\Dependencies\YamlDotNet\Unity.VisualScripting.YamlDotNet.dll
Symbol file LoadedFromMemory doesn't match image Z:\Sekalaiset projektit\Paattisten luontopolku\Paattisten_luontopolku_WebXR\Library\PackageCache\com.unity.visualscripting@1.7.2\Editor\VisualScripting.Core\Dependencies\DotNetZip\Unity.VisualScripting.IonicZip.dll
Native extension for WindowsStandalone target not found
Native extension for WebGL target not found
Refreshing native plugins compatible for Editor in 136.71 ms, found 3 plugins.
Preloading 0 native plugins for Editor in 0.00 ms.
Package Manager log level set to [2]
Mono: successfully reloaded assembly
- Completed reload, in  1.447 seconds
Domain Reload Profiling:
	ReloadAssembly (1448ms)
		BeginReloadAssembly (140ms)
			ExecutionOrderSort (0ms)
			DisableScriptedObjects (8ms)
			BackupInstance (0ms)
			ReleaseScriptingObjects (0ms)
			CreateAndSetChildDomain (23ms)
		EndReloadAssembly (1192ms)
			LoadAssemblies (93ms)
			RebuildTransferFunctionScriptingTraits (0ms)
			SetupTypeCache (293ms)
			ReleaseScriptCaches (1ms)
			RebuildScriptCaches (72ms)
			SetupLoadedEditorAssemblies (677ms)
				LogAssemblyErrors (0ms)
				InitializePlatformSupportModulesInManaged (15ms)
				SetLoadedEditorAssemblies (0ms)
				RefreshPlugins (137ms)
				BeforeProcessingInitializeOnLoad (122ms)
				ProcessInitializeOnLoadAttributes (315ms)
				ProcessInitializeOnLoadMethodAttributes (83ms)
				AfterProcessingInitializeOnLoad (4ms)
				EditorAssembliesLoaded (0ms)
			ExecutionOrderSort2 (0ms)
			AwakeInstancesAfterBackupRestoration (6ms)
Platform modules already initialized, skipping
========================================================================
Worker process is ready to serve import requests
Launched and connected shader compiler UnityShaderCompiler.exe after 0.08 seconds
Refreshing native plugins compatible for Editor in 2.16 ms, found 3 plugins.
Preloading 0 native plugins for Editor in 0.00 ms.
Unloading 4274 Unused Serialized files (Serialized files now loaded: 0)
Unloading 26 unused Assets / (60.7 KB). Loaded Objects now: 4774.
Memory consumption went from 254.4 MB to 254.4 MB.
Total: 7.449000 ms (FindLiveObjects: 0.793800 ms CreateObjectMapping: 0.362400 ms MarkObjects: 6.058000 ms  DeleteObjects: 0.231900 ms)

AssetImportParameters requested are different than current active one (requested -> active):
  custom:video-decoder-ogg-theora: a1e56fd34408186e4bbccfd4996cb3dc -> 
  custom:container-muxer-webm: aa71ff27fc2769a1b78a27578f13a17b -> 
  custom:container-demuxer-webm: 4f35f7cbe854078d1ac9338744f61a02 -> 
  custom:video-encoder-webm-vp8: eb34c28f22e8b96e1ab97ce403110664 -> 
  custom:audio-encoder-webm-vorbis: bf7c407c2cedff20999df2af8eb42d56 -> 
  custom:framework-win-MediaFoundation: 216162199b28c13a410421893ffa2e32 -> 
  custom:container-demuxer-ogg: 62fdf1f143b41e24485cea50d1cbac27 -> 
  custom:video-decoder-webm-vp8: 9c59270c3fd7afecdb556c50c9e8de78 -> 
  custom:audio-decoder-ogg-vorbis: bf7c407c2cedff20999df2af8eb42d56 -> 
========================================================================
Received Import Request.
  Time since last request: 408.605923 seconds.
  path: Assets/_TerrainAutoUpgrade/layer_FD_Cliff_23d3aba195e4d26ee.terrainlayer
  artifactKey: Guid(3148ee8ffddc228468a0eeef4b26de92) Importer(815301076,1909f56bfc062723c751e8b465ee728b)
Start importing Assets/_TerrainAutoUpgrade/layer_FD_Cliff_23d3aba195e4d26ee.terrainlayer using Guid(3148ee8ffddc228468a0eeef4b26de92) Importer(815301076,1909f56bfc062723c751e8b465ee728b)  -> (artifact id: 'db87177587b0df648775831be64a53c6') in 0.308667 seconds 
========================================================================
Received Import Request.
  Time since last request: 61.348429 seconds.
  path: Assets/MODELS/Stone/stone_D.tga
  artifactKey: Guid(ff1775e1c2b41c04986a4e49ae1765ae) Importer(815301076,1909f56bfc062723c751e8b465ee728b)
Start importing Assets/MODELS/Stone/stone_D.tga using Guid(ff1775e1c2b41c04986a4e49ae1765ae) Importer(815301076,1909f56bfc062723c751e8b465ee728b)  -> (artifact id: '2798d7ff386a59c66ec7c859ed972dc5') in 0.049433 seconds 
========================================================================
Received Import Request.
  Time since last request: 0.000037 seconds.
  path: Assets/MODELS/Stone/stone_S.tga
  artifactKey: Guid(cc6861968ccb7b94fa3d0ced31ba976e) Importer(815301076,1909f56bfc062723c751e8b465ee728b)
Start importing Assets/MODELS/Stone/stone_S.tga using Guid(cc6861968ccb7b94fa3d0ced31ba976e) Importer(815301076,1909f56bfc062723c751e8b465ee728b)  -> (artifact id: '9f252d6bae3f486f86e1912ddbd2425f') in 0.021519 seconds 
========================================================================
Received Import Request.
  Time since last request: 0.000046 seconds.
  path: Assets/MODELS/Stone/stone_N.tga
  artifactKey: Guid(03ef7de46d12ed6469ba74986a0779af) Importer(815301076,1909f56bfc062723c751e8b465ee728b)
Start importing Assets/MODELS/Stone/stone_N.tga using Guid(03ef7de46d12ed6469ba74986a0779af) Importer(815301076,1909f56bfc062723c751e8b465ee728b)  -> (artifact id: 'f11b4aae98f0731eb25a50192b02ee80') in 0.115540 seconds 
========================================================================
Received Import Request.
  Time since last request: 169.690119 seconds.
  path: Assets/MODELS/Small_plants/grass_b_1.fbx
  artifactKey: Guid(1b3953509bb45344d898c32a502e95df) Importer(815301076,1909f56bfc062723c751e8b465ee728b)
Start importing Assets/MODELS/Small_plants/grass_b_1.fbx using Guid(1b3953509bb45344d898c32a502e95df) Importer(815301076,1909f56bfc062723c751e8b465ee728b)  -> (artifact id: 'e7cbf0830be1c0db3ec307dea15f90cb') in 0.133032 seconds 
========================================================================
Received Import Request.
  Time since last request: 0.000031 seconds.
  path: Assets/MODELS/Small_plants/plants_b_1_Material_Base_Color.png
  artifactKey: Guid(e37b68109b4ac4f45ba8ce74769acb49) Importer(815301076,1909f56bfc062723c751e8b465ee728b)
Start importing Assets/MODELS/Small_plants/plants_b_1_Material_Base_Color.png using Guid(e37b68109b4ac4f45ba8ce74769acb49) Importer(815301076,1909f56bfc062723c751e8b465ee728b)  -> (artifact id: '2eae76bc42b5937be004922bd0a24ef4') in 0.088177 seconds 
========================================================================
Received Import Request.
  Time since last request: 0.000030 seconds.
  path: Assets/MODELS/Small_plants/plants_b_1_Material_Normal_OpenGL.png
  artifactKey: Guid(7fc3c11e562d588439b448004ef305eb) Importer(815301076,1909f56bfc062723c751e8b465ee728b)
Start importing Assets/MODELS/Small_plants/plants_b_1_Material_Normal_OpenGL.png using Guid(7fc3c11e562d588439b448004ef305eb) Importer(815301076,1909f56bfc062723c751e8b465ee728b)  -> (artifact id: '570bc274edd5b3b1ff3f3593fcd58c78') in 0.030804 seconds 
========================================================================
Received Import Request.
  Time since last request: 0.000034 seconds.
  path: Assets/MODELS/Small_plants/grass_b_4.fbx
  artifactKey: Guid(98aebf94a5d49ea4a8ed1af39582b5ab) Importer(815301076,1909f56bfc062723c751e8b465ee728b)
Start importing Assets/MODELS/Small_plants/grass_b_4.fbx using Guid(98aebf94a5d49ea4a8ed1af39582b5ab) Importer(815301076,1909f56bfc062723c751e8b465ee728b)  -> (artifact id: 'b61c27feca6b6cd6bafca7c842cef5c2') in 0.049250 seconds 
========================================================================
Received Import Request.
  Time since last request: 0.000026 seconds.
  path: Assets/MODELS/Small_plants/grass_b_5.fbx
  artifactKey: Guid(e45ad0cd5fadba447ac0b83543f40216) Importer(815301076,1909f56bfc062723c751e8b465ee728b)
Start importing Assets/MODELS/Small_plants/grass_b_5.fbx using Guid(e45ad0cd5fadba447ac0b83543f40216) Importer(815301076,1909f56bfc062723c751e8b465ee728b)  -> (artifact id: 'd483c09bf317b8bff449d8d0bdbada12') in 0.052618 seconds 
========================================================================
Received Import Request.
  Time since last request: 52.723423 seconds.
  path: Assets/MODELS/Stones/Mesh/Stone_3.fbx
  artifactKey: Guid(e08d894d1a4dca746a9673007d5c706d) Importer(815301076,1909f56bfc062723c751e8b465ee728b)
Start importing Assets/MODELS/Stones/Mesh/Stone_3.fbx using Guid(e08d894d1a4dca746a9673007d5c706d) Importer(815301076,1909f56bfc062723c751e8b465ee728b)  -> (artifact id: 'b14ea11cb4b2d0f50bba585930f88a41') in 0.303566 seconds 
========================================================================
Received Import Request.
  Time since last request: 2530.028966 seconds.
  path: Assets/Materials/HDRIs/Nature_skybox 1.mat
  artifactKey: Guid(d65474f2450f38e4fa4ddc774f03c12a) Importer(815301076,1909f56bfc062723c751e8b465ee728b)
Start importing Assets/Materials/HDRIs/Nature_skybox 1.mat using Guid(d65474f2450f38e4fa4ddc774f03c12a) Importer(815301076,1909f56bfc062723c751e8b465ee728b)  -> (artifact id: '95e96ba115cc7eb993148a84639003da') in 0.044073 seconds 
========================================================================
Received Import Request.
  Time since last request: 23.699804 seconds.
  path: Assets/Materials/HDRIs/Nature_skybox 1.mat
  artifactKey: Guid(d65474f2450f38e4fa4ddc774f03c12a) Importer(815301076,1909f56bfc062723c751e8b465ee728b)
Start importing Assets/Materials/HDRIs/Nature_skybox 1.mat using Guid(d65474f2450f38e4fa4ddc774f03c12a) Importer(815301076,1909f56bfc062723c751e8b465ee728b)  -> (artifact id: 'e71aa9f0301216b5cfcb76adec16d120') in 0.019120 seconds 
========================================================================
Received Import Request.
  Time since last request: 664.941639 seconds.
  path: Assets/Joystick Pack/Sprites/All Axis Backgrounds/AllAxis_Outline_Arrows.png
  artifactKey: Guid(48c0d4d6bebaa934384b07aa1e2f8184) Importer(815301076,1909f56bfc062723c751e8b465ee728b)
Start importing Assets/Joystick Pack/Sprites/All Axis Backgrounds/AllAxis_Outline_Arrows.png using Guid(48c0d4d6bebaa934384b07aa1e2f8184) Importer(815301076,1909f56bfc062723c751e8b465ee728b)  -> (artifact id: '51408d170c7ced2e785549b23dba4721') in 0.182705 seconds 
========================================================================
Received Import Request.
  Time since last request: 0.000039 seconds.
  path: Assets/MODELS/Kuusi/bark-texture_seamless_DISP.jpg
  artifactKey: Guid(fc65484d15f7fc7498ec0ff69651b435) Importer(815301076,1909f56bfc062723c751e8b465ee728b)
Start importing Assets/MODELS/Kuusi/bark-texture_seamless_DISP.jpg using Guid(fc65484d15f7fc7498ec0ff69651b435) Importer(815301076,1909f56bfc062723c751e8b465ee728b)  -> (artifact id: '211fdde7c2a8a855803da0bf7fea3dd8') in 0.116072 seconds 
========================================================================
Received Import Request.
  Time since last request: 0.000032 seconds.
  path: Assets/Joystick Pack/Sprites/All Axis Backgrounds/AllAxis_Plain_Arrows.png
  artifactKey: Guid(2a1f3cba20f3e11498474a705db12fde) Importer(815301076,1909f56bfc062723c751e8b465ee728b)
Start importing Assets/Joystick Pack/Sprites/All Axis Backgrounds/AllAxis_Plain_Arrows.png using Guid(2a1f3cba20f3e11498474a705db12fde) Importer(815301076,1909f56bfc062723c751e8b465ee728b)  -> (artifact id: 'f10bd94c1f359079b45cb09309f44d7f') in 0.143388 seconds 
========================================================================
Received Import Request.
  Time since last request: 0.000029 seconds.
  path: Assets/Joystick Pack/Sprites/All Axis Backgrounds/AllAxis_Ridged_Arrows.png
  artifactKey: Guid(4cbc879550e5e374a925e2e0a84d6f3c) Importer(815301076,1909f56bfc062723c751e8b465ee728b)
Start importing Assets/Joystick Pack/Sprites/All Axis Backgrounds/AllAxis_Ridged_Arrows.png using Guid(4cbc879550e5e374a925e2e0a84d6f3c) Importer(815301076,1909f56bfc062723c751e8b465ee728b)  -> (artifact id: 'e3fc215f3ea23f833cd88cafe0caa7d8') in 0.069009 seconds 
========================================================================
Received Import Request.
  Time since last request: 0.000049 seconds.
  path: Assets/MODELS/Tammi/bark09_s.png
  artifactKey: Guid(472754039f7550c40b669a148b0b940b) Importer(815301076,1909f56bfc062723c751e8b465ee728b)
Start importing Assets/MODELS/Tammi/bark09_s.png using Guid(472754039f7550c40b669a148b0b940b) Importer(815301076,1909f56bfc062723c751e8b465ee728b)  -> (artifact id: 'e43c089ab53c84778b0cf78b264ac939') in 0.074821 seconds 
========================================================================
Received Import Request.
  Time since last request: 0.760142 seconds.
  path: Assets/BrokenVector/LowPolyTreePack/Textures/Colorsheet Tree Dry.png
  artifactKey: Guid(9236635f319ab034fa33215e8eaa903a) Importer(815301076,1909f56bfc062723c751e8b465ee728b)
Start importing Assets/BrokenVector/LowPolyTreePack/Textures/Colorsheet Tree Dry.png using Guid(9236635f319ab034fa33215e8eaa903a) Importer(815301076,1909f56bfc062723c751e8b465ee728b)  -> (artifact id: '9f73a5a50509be701dfaf3bcabe789f7') in 0.038686 seconds 
========================================================================
Received Import Request.
  Time since last request: 0.000026 seconds.
  path: Assets/BrokenVector/LowPolyTreePack/Textures/Colorsheet Tree Fall.png
  artifactKey: Guid(99897f7919c46fc43969a2a130434315) Importer(815301076,1909f56bfc062723c751e8b465ee728b)
Start importing Assets/BrokenVector/LowPolyTreePack/Textures/Colorsheet Tree Fall.png using Guid(99897f7919c46fc43969a2a130434315) Importer(815301076,1909f56bfc062723c751e8b465ee728b)  -> (artifact id: '3ec0e9a653333e4124a430d6712dab08') in 0.031992 seconds 
========================================================================
Received Import Request.
  Time since last request: 0.000048 seconds.
  path: Assets/BrokenVector/LowPolyTreePack/Textures/Colorsheet Tree Normal.png
  artifactKey: Guid(8ba8b94b5ab0c214fa2810a7df98a1a9) Importer(815301076,1909f56bfc062723c751e8b465ee728b)
Start importing Assets/BrokenVector/LowPolyTreePack/Textures/Colorsheet Tree Normal.png using Guid(8ba8b94b5ab0c214fa2810a7df98a1a9) Importer(815301076,1909f56bfc062723c751e8b465ee728b)  -> (artifact id: '1604b3da7b5d5cd62a77668169a81491') in 0.032894 seconds 
========================================================================
Received Import Request.
  Time since last request: 0.136016 seconds.
  path: Assets/Particle_Effects/Fire & Explosion Effects/Textures/Explosion.tif
  artifactKey: Guid(409ef26b64696f340b2f62b41d2fc11f) Importer(815301076,1909f56bfc062723c751e8b465ee728b)
Start importing Assets/Particle_Effects/Fire & Explosion Effects/Textures/Explosion.tif using Guid(409ef26b64696f340b2f62b41d2fc11f) Importer(815301076,1909f56bfc062723c751e8b465ee728b)  -> (artifact id: '78b14fef6221bf71d59273d79ceb0fd8') in 0.184649 seconds 
========================================================================
Received Import Request.
  Time since last request: 0.000033 seconds.
  path: Assets/Materials/Textures/FD_Grass_NM_2.bmp
  artifactKey: Guid(9827c37e3ca540f4d8dc31389f72117b) Importer(815301076,1909f56bfc062723c751e8b465ee728b)
Start importing Assets/Materials/Textures/FD_Grass_NM_2.bmp using Guid(9827c37e3ca540f4d8dc31389f72117b) Importer(815301076,1909f56bfc062723c751e8b465ee728b)  -> (artifact id: '5e1311ef29f42e9baef3fe54ba30d275') in 0.177713 seconds 
========================================================================
Received Import Request.
  Time since last request: 0.000032 seconds.
  path: Assets/Particle_Effects/Fire & Explosion Effects/Textures/Flame04.tif
  artifactKey: Guid(8e06c9c1eb329314682fc3690cda8b9f) Importer(815301076,1909f56bfc062723c751e8b465ee728b)
Start importing Assets/Particle_Effects/Fire & Explosion Effects/Textures/Flame04.tif using Guid(8e06c9c1eb329314682fc3690cda8b9f) Importer(815301076,1909f56bfc062723c751e8b465ee728b)  -> (artifact id: '42ec6c516dc9fdc0234f33d667be3b2c') in 0.104031 seconds 
========================================================================
Received Import Request.
  Time since last request: 0.000036 seconds.
  path: Assets/Particle_Effects/Fire & Explosion Effects/Textures/FireExplosion.tif
  artifactKey: Guid(59459fa5f4874d34c8a955afad00260b) Importer(815301076,1909f56bfc062723c751e8b465ee728b)
Start importing Assets/Particle_Effects/Fire & Explosion Effects/Textures/FireExplosion.tif using Guid(59459fa5f4874d34c8a955afad00260b) Importer(815301076,1909f56bfc062723c751e8b465ee728b)  -> (artifact id: 'bd1686b56b3a7ccce2e6845ffdcb1a17') in 0.200967 seconds 
========================================================================
Received Import Request.
  Time since last request: 0.000029 seconds.
  path: Assets/Particle_Effects/Fire & Explosion Effects/Textures/FireBallEmission.tif
  artifactKey: Guid(d9d8e2fe51aaf4a40b6a5581589afa98) Importer(815301076,1909f56bfc062723c751e8b465ee728b)
Start importing Assets/Particle_Effects/Fire & Explosion Effects/Textures/FireBallEmission.tif using Guid(d9d8e2fe51aaf4a40b6a5581589afa98) Importer(815301076,1909f56bfc062723c751e8b465ee728b)  -> (artifact id: 'b576b8def38ad39dd926ed85fe78d398') in 0.117547 seconds 
========================================================================
Received Import Request.
  Time since last request: 0.000036 seconds.
  path: Assets/Joystick Pack/Sprites/Handles/Handle_Outline_Arrows.png
  artifactKey: Guid(5eda94a9dcf71e445ad17e3c065d1460) Importer(815301076,1909f56bfc062723c751e8b465ee728b)
Start importing Assets/Joystick Pack/Sprites/Handles/Handle_Outline_Arrows.png using Guid(5eda94a9dcf71e445ad17e3c065d1460) Importer(815301076,1909f56bfc062723c751e8b465ee728b)  -> (artifact id: '18c179c7d33a97a7147da26e549c30b9') in 0.055660 seconds 
========================================================================
Received Import Request.
  Time since last request: 0.000028 seconds.
  path: Assets/Joystick Pack/Sprites/Handles/Handle_Outline.png
  artifactKey: Guid(085185b08a40a924985bc0e4176edea6) Importer(815301076,1909f56bfc062723c751e8b465ee728b)
Start importing Assets/Joystick Pack/Sprites/Handles/Handle_Outline.png using Guid(085185b08a40a924985bc0e4176edea6) Importer(815301076,1909f56bfc062723c751e8b465ee728b)  -> (artifact id: '0298fc3da9a8f6cf77aa574d8d65a2e0') in 0.045845 seconds 
========================================================================
Received Import Request.
  Time since last request: 0.000033 seconds.
  path: Assets/Particle_Effects/Fire & Explosion Effects/Textures/Flame03.tif
  artifactKey: Guid(408718fd5f763de42b12f849570ddf58) Importer(815301076,1909f56bfc062723c751e8b465ee728b)
Start importing Assets/Particle_Effects/Fire & Explosion Effects/Textures/Flame03.tif using Guid(408718fd5f763de42b12f849570ddf58) Importer(815301076,1909f56bfc062723c751e8b465ee728b)  -> (artifact id: '73bb68e392843bbce9fefb9ddcba3a7a') in 0.105752 seconds 
========================================================================
Received Import Request.
  Time since last request: 0.000029 seconds.
  path: Assets/Materials/Textures/FD_Rock_1.tif
  artifactKey: Guid(460ed41f76ff7da4fad032a3f280d9ad) Importer(815301076,1909f56bfc062723c751e8b465ee728b)
Start importing Assets/Materials/Textures/FD_Rock_1.tif using Guid(460ed41f76ff7da4fad032a3f280d9ad) Importer(815301076,1909f56bfc062723c751e8b465ee728b)  -> (artifact id: '59954fd7774994492d4809729388aa0e') in 0.107031 seconds 
========================================================================
Received Import Request.
  Time since last request: 0.000036 seconds.
  path: Assets/Materials/Textures/FD_Gravel_1.bmp
  artifactKey: Guid(77ec37f31a00e774fb24a62b5b2209d3) Importer(815301076,1909f56bfc062723c751e8b465ee728b)
Start importing Assets/Materials/Textures/FD_Gravel_1.bmp using Guid(77ec37f31a00e774fb24a62b5b2209d3) Importer(815301076,1909f56bfc062723c751e8b465ee728b)  -> (artifact id: '138aaf1a07f3478eba8977142235de7f') in 0.113325 seconds 
========================================================================
Received Import Request.
  Time since last request: 0.000032 seconds.
  path: Assets/Materials/Textures/FD_Cliff_2.bmp
  artifactKey: Guid(43f1948586b3e8c45b44fbb39670c9ac) Importer(815301076,1909f56bfc062723c751e8b465ee728b)
Start importing Assets/Materials/Textures/FD_Cliff_2.bmp using Guid(43f1948586b3e8c45b44fbb39670c9ac) Importer(815301076,1909f56bfc062723c751e8b465ee728b)  -> (artifact id: '3e85d1e7daa8055068ea811867f918b6') in 0.046189 seconds 
========================================================================
Received Import Request.
  Time since last request: 0.000025 seconds.
  path: Assets/Particle_Effects/Fire & Explosion Effects/Textures/Flame02.tif
  artifactKey: Guid(838696ee09635f647b630a61fac71a72) Importer(815301076,1909f56bfc062723c751e8b465ee728b)
Start importing Assets/Particle_Effects/Fire & Explosion Effects/Textures/Flame02.tif using Guid(838696ee09635f647b630a61fac71a72) Importer(815301076,1909f56bfc062723c751e8b465ee728b)  -> (artifact id: '9b4381e0c4b4538720c112688dbcb37e') in 0.087179 seconds 
========================================================================
Received Import Request.
  Time since last request: 0.000032 seconds.
  path: Assets/Materials/Textures/FD_Cliff_1.bmp
  artifactKey: Guid(c13090ee83d603c4b95976360b5e7cb7) Importer(815301076,1909f56bfc062723c751e8b465ee728b)
Start importing Assets/Materials/Textures/FD_Cliff_1.bmp using Guid(c13090ee83d603c4b95976360b5e7cb7) Importer(815301076,1909f56bfc062723c751e8b465ee728b)  -> (artifact id: 'a47a8ea91ac86de616b994efb0ca6c78') in 0.074779 seconds 
========================================================================
Received Import Request.
  Time since last request: 0.000040 seconds.
  path: Assets/Materials/Textures/FD_Cliff_NM_1.bmp
  artifactKey: Guid(e7000a4412ef6124c9ffc03a2707d198) Importer(815301076,1909f56bfc062723c751e8b465ee728b)
Start importing Assets/Materials/Textures/FD_Cliff_NM_1.bmp using Guid(e7000a4412ef6124c9ffc03a2707d198) Importer(815301076,1909f56bfc062723c751e8b465ee728b)  -> (artifact id: '17ada46742cbf1cbd6f275ce96059d77') in 0.091724 seconds 
========================================================================
Received Import Request.
  Time since last request: 0.000024 seconds.
  path: Assets/Joystick Pack/Sprites/Handles/Handle_Plain.png
  artifactKey: Guid(010a6e5305fa7004f89c5d317b7b47d4) Importer(815301076,1909f56bfc062723c751e8b465ee728b)
Start importing Assets/Joystick Pack/Sprites/Handles/Handle_Plain.png using Guid(010a6e5305fa7004f89c5d317b7b47d4) Importer(815301076,1909f56bfc062723c751e8b465ee728b)  -> (artifact id: '673dfecfe552f0b1e851d46c6f602683') in 0.170458 seconds 
========================================================================
Received Import Request.
  Time since last request: 0.000041 seconds.
  path: Assets/MODELS/Grass/grass_1.psd
  artifactKey: Guid(4f563ec237173e0468d3c9b5eea35c8c) Importer(815301076,1909f56bfc062723c751e8b465ee728b)
Start importing Assets/MODELS/Grass/grass_1.psd using Guid(4f563ec237173e0468d3c9b5eea35c8c) Importer(815301076,1909f56bfc062723c751e8b465ee728b)  -> (artifact id: '653cd36501c67d59886eec86a6276d7c') in 0.134488 seconds 
========================================================================
Received Import Request.
  Time since last request: 0.000040 seconds.
  path: Assets/Samples/Desert/Textures/ground.png
  artifactKey: Guid(65a768254b6504ad5995f8871fe1368b) Importer(815301076,1909f56bfc062723c751e8b465ee728b)
Start importing Assets/Samples/Desert/Textures/ground.png using Guid(65a768254b6504ad5995f8871fe1368b) Importer(815301076,1909f56bfc062723c751e8b465ee728b)  -> (artifact id: 'eddbf208f9196a9209437f812046edb9') in 0.044054 seconds 
Editor requested this worker to shutdown with reason: Scaling down because of idle timeout
AssetImportWorker is now disconnected from the server
Process exiting
Exiting without the bug reporter. Application will terminate with return code 0