Using pre-set license
Built from '2021.2/staging' branch; Version is '2021.2.6f1 (8c4e826ba445) revision 9195138'; Using compiler version '192829333'; Build Type 'Release'
OS: 'Windows 10  (10.0.19042) 64bit Core' Language: 'fi' Physical Memory: 16335 MB
BatchMode: 1, IsHumanControllingUs: 0, StartBugReporterOnCrash: 0, Is64bit: 1, IsPro: 0

COMMAND LINE ARGUMENTS:
D:\Ohjelmat\Unity\2021.2.6f1\Editor\Unity.exe
-adb2
-batchMode
-noUpm
-name
AssetImportWorker1
-projectPath
Z:/Sekalaiset projektit/Paattisten luontopolku/Paattisten_luontopolku_WebXR
-logFile
Logs/AssetImportWorker1.log
-srvPort
52662
Successfully changed project path to: Z:/Sekalaiset projektit/Paattisten luontopolku/Paattisten_luontopolku_WebXR
Z:/Sekalaiset projektit/Paattisten luontopolku/Paattisten_luontopolku_WebXR
[UnityMemory] Configuration Parameters - Can be set up in boot.config
    "memorysetup-bucket-allocator-granularity=16"
    "memorysetup-bucket-allocator-bucket-count=8"
    "memorysetup-bucket-allocator-block-size=33554432"
    "memorysetup-bucket-allocator-block-count=8"
    "memorysetup-main-allocator-block-size=16777216"
    "memorysetup-thread-allocator-block-size=16777216"
    "memorysetup-gfx-main-allocator-block-size=16777216"
    "memorysetup-gfx-thread-allocator-block-size=16777216"
    "memorysetup-cache-allocator-block-size=4194304"
    "memorysetup-typetree-allocator-block-size=2097152"
    "memorysetup-profiler-bucket-allocator-granularity=16"
    "memorysetup-profiler-bucket-allocator-bucket-count=8"
    "memorysetup-profiler-bucket-allocator-block-size=33554432"
    "memorysetup-profiler-bucket-allocator-block-count=8"
    "memorysetup-profiler-allocator-block-size=16777216"
    "memorysetup-profiler-editor-allocator-block-size=1048576"
    "memorysetup-temp-allocator-size-main=16777216"
    "memorysetup-job-temp-allocator-block-size=2097152"
    "memorysetup-job-temp-allocator-block-size-background=1048576"
    "memorysetup-job-temp-allocator-reduction-small-platforms=262144"
    "memorysetup-temp-allocator-size-background-worker=32768"
    "memorysetup-temp-allocator-size-job-worker=262144"
    "memorysetup-temp-allocator-size-preload-manager=33554432"
    "memorysetup-temp-allocator-size-nav-mesh-worker=65536"
    "memorysetup-temp-allocator-size-audio-worker=65536"
    "memorysetup-temp-allocator-size-cloud-worker=32768"
    "memorysetup-temp-allocator-size-gi-baking-worker=262144"
    "memorysetup-temp-allocator-size-gfx=262144"
Refreshing native plugins compatible for Editor in 134.87 ms, found 3 plugins.
Preloading 0 native plugins for Editor in 0.00 ms.
Initialize engine version: 2021.2.6f1 (8c4e826ba445)
[Subsystems] Discovering subsystems at path D:/Ohjelmat/Unity/2021.2.6f1/Editor/Data/Resources/UnitySubsystems
[Subsystems] Discovering subsystems at path Z:/Sekalaiset projektit/Paattisten luontopolku/Paattisten_luontopolku_WebXR/Assets
GfxDevice: creating device client; threaded=0; jobified=0
Direct3D:
    Version:  Direct3D 11.0 [level 11.1]
    Renderer: NVIDIA GeForce GTX 1070 (ID=0x1b81)
    Vendor:   NVIDIA
    VRAM:     8088 MB
    Driver:   27.21.14.5751
Initialize mono
Mono path[0] = 'D:/Ohjelmat/Unity/2021.2.6f1/Editor/Data/Managed'
Mono path[1] = 'D:/Ohjelmat/Unity/2021.2.6f1/Editor/Data/MonoBleedingEdge/lib/mono/unityjit-win32'
Mono config path = 'D:/Ohjelmat/Unity/2021.2.6f1/Editor/Data/MonoBleedingEdge/etc'
Using monoOptions --debugger-agent=transport=dt_socket,embedding=1,server=y,suspend=n,address=127.0.0.1:56172
Begin MonoManager ReloadAssembly
Registering precompiled unity dll's ...
Register platform support module: D:/Ohjelmat/Unity/2021.2.6f1/Editor/Data/PlaybackEngines/WebGLSupport/UnityEditor.WebGL.Extensions.dll
Register platform support module: D:/Ohjelmat/Unity/2021.2.6f1/Editor/Data/PlaybackEngines/WindowsStandaloneSupport/UnityEditor.WindowsStandalone.Extensions.dll
Registered in 0.004397 seconds.
Native extension for WindowsStandalone target not found
Native extension for WebGL target not found
Refreshing native plugins compatible for Editor in 133.74 ms, found 3 plugins.
Preloading 0 native plugins for Editor in 0.00 ms.
Mono: successfully reloaded assembly
- Completed reload, in  0.779 seconds
Domain Reload Profiling:
	ReloadAssembly (780ms)
		BeginReloadAssembly (84ms)
			ExecutionOrderSort (0ms)
			DisableScriptedObjects (0ms)
			BackupInstance (0ms)
			ReleaseScriptingObjects (0ms)
			CreateAndSetChildDomain (1ms)
		EndReloadAssembly (607ms)
			LoadAssemblies (83ms)
			RebuildTransferFunctionScriptingTraits (0ms)
			SetupTypeCache (122ms)
			ReleaseScriptCaches (0ms)
			RebuildScriptCaches (32ms)
			SetupLoadedEditorAssemblies (392ms)
				LogAssemblyErrors (0ms)
				InitializePlatformSupportModulesInManaged (19ms)
				SetLoadedEditorAssemblies (0ms)
				RefreshPlugins (134ms)
				BeforeProcessingInitializeOnLoad (2ms)
				ProcessInitializeOnLoadAttributes (181ms)
				ProcessInitializeOnLoadMethodAttributes (56ms)
				AfterProcessingInitializeOnLoad (0ms)
				EditorAssembliesLoaded (0ms)
			ExecutionOrderSort2 (0ms)
			AwakeInstancesAfterBackupRestoration (0ms)
Platform modules already initialized, skipping
Registering precompiled user dll's ...
Registered in 0.004912 seconds.
Begin MonoManager ReloadAssembly
Symbol file LoadedFromMemory doesn't match image Z:\Sekalaiset projektit\Paattisten luontopolku\Paattisten_luontopolku_WebXR\Library\PackageCache\com.unity.visualscripting@1.7.2\Editor\VisualScripting.Core\Dependencies\YamlDotNet\Unity.VisualScripting.YamlDotNet.dll
Symbol file LoadedFromMemory doesn't match image Z:\Sekalaiset projektit\Paattisten luontopolku\Paattisten_luontopolku_WebXR\Library\PackageCache\com.unity.visualscripting@1.7.2\Editor\VisualScripting.Core\Dependencies\DotNetZip\Unity.VisualScripting.IonicZip.dll
Native extension for WindowsStandalone target not found
Native extension for WebGL target not found
Refreshing native plugins compatible for Editor in 141.68 ms, found 3 plugins.
Preloading 0 native plugins for Editor in 0.00 ms.
Package Manager log level set to [2]
Mono: successfully reloaded assembly
- Completed reload, in  1.483 seconds
Domain Reload Profiling:
	ReloadAssembly (1484ms)
		BeginReloadAssembly (134ms)
			ExecutionOrderSort (0ms)
			DisableScriptedObjects (8ms)
			BackupInstance (0ms)
			ReleaseScriptingObjects (0ms)
			CreateAndSetChildDomain (22ms)
		EndReloadAssembly (1234ms)
			LoadAssemblies (100ms)
			RebuildTransferFunctionScriptingTraits (0ms)
			SetupTypeCache (333ms)
			ReleaseScriptCaches (1ms)
			RebuildScriptCaches (73ms)
			SetupLoadedEditorAssemblies (676ms)
				LogAssemblyErrors (0ms)
				InitializePlatformSupportModulesInManaged (15ms)
				SetLoadedEditorAssemblies (0ms)
				RefreshPlugins (142ms)
				BeforeProcessingInitializeOnLoad (123ms)
				ProcessInitializeOnLoadAttributes (308ms)
				ProcessInitializeOnLoadMethodAttributes (84ms)
				AfterProcessingInitializeOnLoad (4ms)
				EditorAssembliesLoaded (0ms)
			ExecutionOrderSort2 (0ms)
			AwakeInstancesAfterBackupRestoration (6ms)
Platform modules already initialized, skipping
========================================================================
Worker process is ready to serve import requests
Launched and connected shader compiler UnityShaderCompiler.exe after 0.07 seconds
Refreshing native plugins compatible for Editor in 1.07 ms, found 3 plugins.
Preloading 0 native plugins for Editor in 0.00 ms.
Unloading 4274 Unused Serialized files (Serialized files now loaded: 0)
Unloading 26 unused Assets / (59.6 KB). Loaded Objects now: 4770.
Memory consumption went from 181.6 MB to 181.5 MB.
Total: 5.916200 ms (FindLiveObjects: 0.635000 ms CreateObjectMapping: 0.136100 ms MarkObjects: 4.951500 ms  DeleteObjects: 0.190400 ms)

AssetImportParameters requested are different than current active one (requested -> active):
  custom:video-decoder-ogg-theora: a1e56fd34408186e4bbccfd4996cb3dc -> 
  custom:container-muxer-webm: aa71ff27fc2769a1b78a27578f13a17b -> 
  custom:container-demuxer-webm: 4f35f7cbe854078d1ac9338744f61a02 -> 
  custom:video-encoder-webm-vp8: eb34c28f22e8b96e1ab97ce403110664 -> 
  custom:audio-encoder-webm-vorbis: bf7c407c2cedff20999df2af8eb42d56 -> 
  custom:framework-win-MediaFoundation: 216162199b28c13a410421893ffa2e32 -> 
  custom:container-demuxer-ogg: 62fdf1f143b41e24485cea50d1cbac27 -> 
  custom:video-decoder-webm-vp8: 9c59270c3fd7afecdb556c50c9e8de78 -> 
  custom:audio-decoder-ogg-vorbis: bf7c407c2cedff20999df2af8eb42d56 -> 
========================================================================
Received Import Request.
  Time since last request: 36282.066324 seconds.
  path: Assets/Prefabs/bush (1).prefab
  artifactKey: Guid(a79bfe2fed854504f82de11a289f7cf5) Importer(815301076,1909f56bfc062723c751e8b465ee728b)
Start importing Assets/Prefabs/bush (1).prefab using Guid(a79bfe2fed854504f82de11a289f7cf5) Importer(815301076,1909f56bfc062723c751e8b465ee728b)  -> (artifact id: 'b97e877432ec13f48e3c71fb9a60003e') in 0.176520 seconds 
========================================================================
Received Import Request.
  Time since last request: 4438.265748 seconds.
  path: Assets/MODELS/Saniainen/ferns_1.png
  artifactKey: Guid(8c9f7b244ce11bf4bab1f4f2a40fd956) Importer(815301076,1909f56bfc062723c751e8b465ee728b)
Start importing Assets/MODELS/Saniainen/ferns_1.png using Guid(8c9f7b244ce11bf4bab1f4f2a40fd956) Importer(815301076,1909f56bfc062723c751e8b465ee728b)  -> (artifact id: '0457e6fa03090419e9affd523c3878be') in 0.205555 seconds 
========================================================================
Received Import Request.
  Time since last request: 0.000049 seconds.
  path: Assets/MODELS/Saniainen/NormalMap_(1).png
  artifactKey: Guid(8bf2af31b1098d240966e368fee7b9b0) Importer(815301076,1909f56bfc062723c751e8b465ee728b)
Start importing Assets/MODELS/Saniainen/NormalMap_(1).png using Guid(8bf2af31b1098d240966e368fee7b9b0) Importer(815301076,1909f56bfc062723c751e8b465ee728b)  -> (artifact id: '747429b39f1c16d7590a4396f710fff7') in 0.121406 seconds 
========================================================================
Received Import Request.
  Time since last request: 404.552210 seconds.
  path: Assets/MODELS/Kota/Tent_fbx.fbx
  artifactKey: Guid(476015fb3e1b80444ad1f14abbe65553) Importer(815301076,1909f56bfc062723c751e8b465ee728b)
Start importing Assets/MODELS/Kota/Tent_fbx.fbx using Guid(476015fb3e1b80444ad1f14abbe65553) Importer(815301076,1909f56bfc062723c751e8b465ee728b)  -> (artifact id: 'b4b5aea4334b3c10e63b08991bbb8207') in 0.092710 seconds 
========================================================================
Received Import Request.
  Time since last request: 1195.514232 seconds.
  path: Assets/MODELS/Nuotio/Firepit_Firepit_D.png
  artifactKey: Guid(7e5dd8527bf5dd345b5e5873bcd30ae1) Importer(815301076,1909f56bfc062723c751e8b465ee728b)
Start importing Assets/MODELS/Nuotio/Firepit_Firepit_D.png using Guid(7e5dd8527bf5dd345b5e5873bcd30ae1) Importer(815301076,1909f56bfc062723c751e8b465ee728b)  -> (artifact id: '7fb21b4479176a27dbb15aa6a3da80c8') in 0.020561 seconds 
========================================================================
Received Import Request.
  Time since last request: 0.000040 seconds.
  path: Assets/MODELS/Nuotio/Firepit_Firepit_N.png
  artifactKey: Guid(a7234dd3b86effd488e700cafc75f12f) Importer(815301076,1909f56bfc062723c751e8b465ee728b)
Start importing Assets/MODELS/Nuotio/Firepit_Firepit_N.png using Guid(a7234dd3b86effd488e700cafc75f12f) Importer(815301076,1909f56bfc062723c751e8b465ee728b)  -> (artifact id: 'e6f4c9bfb309944c0ea7ff7e0dcb47dc') in 0.024678 seconds 
========================================================================
Received Import Request.
  Time since last request: 1395.453053 seconds.
  path: Assets/Particle_Effects/Fire & Explosion Effects/Prefabs/DustExplosion.prefab
  artifactKey: Guid(d8f0099df63275647a8bcf646df1ca00) Importer(815301076,1909f56bfc062723c751e8b465ee728b)
Start importing Assets/Particle_Effects/Fire & Explosion Effects/Prefabs/DustExplosion.prefab using Guid(d8f0099df63275647a8bcf646df1ca00) Importer(815301076,1909f56bfc062723c751e8b465ee728b)  -> (artifact id: '4dbfad3ed3d73dcfdad531360b51ae23') in 0.301167 seconds 
========================================================================
Received Import Request.
  Time since last request: 0.000034 seconds.
  path: Assets/Particle_Effects/Fire & Explosion Effects/Prefabs/WildFire.prefab
  artifactKey: Guid(f293a2dcc753a4a489fefe7f8f312d69) Importer(815301076,1909f56bfc062723c751e8b465ee728b)
Start importing Assets/Particle_Effects/Fire & Explosion Effects/Prefabs/WildFire.prefab using Guid(f293a2dcc753a4a489fefe7f8f312d69) Importer(815301076,1909f56bfc062723c751e8b465ee728b)  -> (artifact id: '2150ad8aa0d017326f8d82f2cd80241c') in 0.159457 seconds 
========================================================================
Received Import Request.
  Time since last request: 0.000031 seconds.
  path: Assets/Particle_Effects/Fire & Explosion Effects/Prefabs/MediumFlames.prefab
  artifactKey: Guid(be6847dd39ab95f4daa2ed98e4f90564) Importer(815301076,1909f56bfc062723c751e8b465ee728b)
Start importing Assets/Particle_Effects/Fire & Explosion Effects/Prefabs/MediumFlames.prefab using Guid(be6847dd39ab95f4daa2ed98e4f90564) Importer(815301076,1909f56bfc062723c751e8b465ee728b)  -> (artifact id: '8614d4cb9623354ab41cc86603f18f6b') in 0.038190 seconds 
========================================================================
Received Import Request.
  Time since last request: 0.000029 seconds.
  path: Assets/Particle_Effects/Fire & Explosion Effects/Prefabs/PlasmaExplosionEffect.prefab
  artifactKey: Guid(96730f8640590934eacb6f860058e7f9) Importer(815301076,1909f56bfc062723c751e8b465ee728b)
Start importing Assets/Particle_Effects/Fire & Explosion Effects/Prefabs/PlasmaExplosionEffect.prefab using Guid(96730f8640590934eacb6f860058e7f9) Importer(815301076,1909f56bfc062723c751e8b465ee728b)  -> (artifact id: '2812aa7af824b7a280f0a3874dd656f8') in 0.343274 seconds 
========================================================================
Received Import Request.
  Time since last request: 0.000048 seconds.
  path: Assets/Particle_Effects/Fire & Explosion Effects/Prefabs/EnergyExplosion.prefab
  artifactKey: Guid(9bba9cf244c53c5439505dfc96fdd11c) Importer(815301076,1909f56bfc062723c751e8b465ee728b)
Start importing Assets/Particle_Effects/Fire & Explosion Effects/Prefabs/EnergyExplosion.prefab using Guid(9bba9cf244c53c5439505dfc96fdd11c) Importer(815301076,1909f56bfc062723c751e8b465ee728b)  -> (artifact id: '4d5a4d3006b58bdc09fee93e94413bb2') in 0.174401 seconds 
========================================================================
Received Import Request.
  Time since last request: 0.000041 seconds.
  path: Assets/Particle_Effects/Fire & Explosion Effects/Prefabs/TinyExplosion.prefab
  artifactKey: Guid(25c7aa9ad705fe143a4d71c1c8deb7d4) Importer(815301076,1909f56bfc062723c751e8b465ee728b)
Start importing Assets/Particle_Effects/Fire & Explosion Effects/Prefabs/TinyExplosion.prefab using Guid(25c7aa9ad705fe143a4d71c1c8deb7d4) Importer(815301076,1909f56bfc062723c751e8b465ee728b)  -> (artifact id: '11e5a25cb69244db5d6454d3787acff0') in 0.028056 seconds 
========================================================================
Received Import Request.
  Time since last request: 0.000032 seconds.
  path: Assets/Particle_Effects/Fire & Explosion Effects/Prefabs/ParticlesLight.prefab
  artifactKey: Guid(fa35d75604d172d48b7a6b62a07c7dbf) Importer(815301076,1909f56bfc062723c751e8b465ee728b)
Start importing Assets/Particle_Effects/Fire & Explosion Effects/Prefabs/ParticlesLight.prefab using Guid(fa35d75604d172d48b7a6b62a07c7dbf) Importer(815301076,1909f56bfc062723c751e8b465ee728b)  -> (artifact id: '26ad0823c0d40116f0f92c998146dd0c') in 0.011974 seconds 
========================================================================
Received Import Request.
  Time since last request: 0.000029 seconds.
  path: Assets/Particle_Effects/Fire & Explosion Effects/Prefabs/TinyFlames.prefab
  artifactKey: Guid(ea4fb55d0227e604386f44f905cfe7c0) Importer(815301076,1909f56bfc062723c751e8b465ee728b)
Start importing Assets/Particle_Effects/Fire & Explosion Effects/Prefabs/TinyFlames.prefab using Guid(ea4fb55d0227e604386f44f905cfe7c0) Importer(815301076,1909f56bfc062723c751e8b465ee728b)  -> (artifact id: 'ab824175e84603e822ef5882eb4e65ba') in 0.022788 seconds 
========================================================================
Received Import Request.
  Time since last request: 0.000026 seconds.
  path: Assets/Particle_Effects/Fire & Explosion Effects/Prefabs/FlameStream.prefab
  artifactKey: Guid(bccc7a794e75b2a44a4b0dac69160b7b) Importer(815301076,1909f56bfc062723c751e8b465ee728b)
Start importing Assets/Particle_Effects/Fire & Explosion Effects/Prefabs/FlameStream.prefab using Guid(bccc7a794e75b2a44a4b0dac69160b7b) Importer(815301076,1909f56bfc062723c751e8b465ee728b)  -> (artifact id: '3d8d6bd7a82f1d856ccc4a46e59004d5') in 0.024313 seconds 
========================================================================
Received Import Request.
  Time since last request: 0.000028 seconds.
  path: Assets/Particle_Effects/Fire & Explosion Effects/Prefabs/SmallExplosion.prefab
  artifactKey: Guid(64891a0eb28db934898420d80ca07cb3) Importer(815301076,1909f56bfc062723c751e8b465ee728b)
Start importing Assets/Particle_Effects/Fire & Explosion Effects/Prefabs/SmallExplosion.prefab using Guid(64891a0eb28db934898420d80ca07cb3) Importer(815301076,1909f56bfc062723c751e8b465ee728b)  -> (artifact id: 'ffbdbdf7aa18c79b491c66dcfa023e82') in 2.169545 seconds 
========================================================================
Received Prepare
Registering precompiled user dll's ...
Registered in 0.004815 seconds.
Begin MonoManager ReloadAssembly
Symbol file LoadedFromMemory doesn't match image Z:\Sekalaiset projektit\Paattisten luontopolku\Paattisten_luontopolku_WebXR\Library\PackageCache\com.unity.visualscripting@1.7.2\Editor\VisualScripting.Core\Dependencies\YamlDotNet\Unity.VisualScripting.YamlDotNet.dll
Symbol file LoadedFromMemory doesn't match image Z:\Sekalaiset projektit\Paattisten luontopolku\Paattisten_luontopolku_WebXR\Library\PackageCache\com.unity.visualscripting@1.7.2\Editor\VisualScripting.Core\Dependencies\DotNetZip\Unity.VisualScripting.IonicZip.dll
Native extension for WindowsStandalone target not found
Native extension for WebGL target not found
Refreshing native plugins compatible for Editor in 1.14 ms, found 3 plugins.
Preloading 0 native plugins for Editor in 0.00 ms.
Mono: successfully reloaded assembly
- Completed reload, in  1.959 seconds
Domain Reload Profiling:
	ReloadAssembly (1960ms)
		BeginReloadAssembly (359ms)
			ExecutionOrderSort (0ms)
			DisableScriptedObjects (18ms)
			BackupInstance (0ms)
			ReleaseScriptingObjects (0ms)
			CreateAndSetChildDomain (142ms)
		EndReloadAssembly (1473ms)
			LoadAssemblies (173ms)
			RebuildTransferFunctionScriptingTraits (0ms)
			SetupTypeCache (346ms)
			ReleaseScriptCaches (2ms)
			RebuildScriptCaches (58ms)
			SetupLoadedEditorAssemblies (501ms)
				LogAssemblyErrors (0ms)
				InitializePlatformSupportModulesInManaged (17ms)
				SetLoadedEditorAssemblies (1ms)
				RefreshPlugins (1ms)
				BeforeProcessingInitializeOnLoad (93ms)
				ProcessInitializeOnLoadAttributes (298ms)
				ProcessInitializeOnLoadMethodAttributes (87ms)
				AfterProcessingInitializeOnLoad (4ms)
				EditorAssembliesLoaded (0ms)
			ExecutionOrderSort2 (0ms)
			AwakeInstancesAfterBackupRestoration (14ms)
Platform modules already initialized, skipping
Refreshing native plugins compatible for Editor in 1.29 ms, found 3 plugins.
Preloading 0 native plugins for Editor in 0.00 ms.
Unloading 4248 Unused Serialized files (Serialized files now loaded: 0)
Unloading 23 unused Assets / (25.5 KB). Loaded Objects now: 4884.
Memory consumption went from 275.7 MB to 275.7 MB.
Total: 7.060800 ms (FindLiveObjects: 0.487300 ms CreateObjectMapping: 0.129600 ms MarkObjects: 6.372300 ms  DeleteObjects: 0.069500 ms)

AssetImportParameters requested are different than current active one (requested -> active):
  custom:video-decoder-ogg-theora: a1e56fd34408186e4bbccfd4996cb3dc -> 
  custom:container-muxer-webm: aa71ff27fc2769a1b78a27578f13a17b -> 
  custom:container-demuxer-webm: 4f35f7cbe854078d1ac9338744f61a02 -> 
  custom:video-encoder-webm-vp8: eb34c28f22e8b96e1ab97ce403110664 -> 
  custom:audio-encoder-webm-vorbis: bf7c407c2cedff20999df2af8eb42d56 -> 
  custom:framework-win-MediaFoundation: 216162199b28c13a410421893ffa2e32 -> 
  custom:container-demuxer-ogg: 62fdf1f143b41e24485cea50d1cbac27 -> 
  custom:video-decoder-webm-vp8: 9c59270c3fd7afecdb556c50c9e8de78 -> 
  custom:audio-decoder-ogg-vorbis: bf7c407c2cedff20999df2af8eb42d56 -> 
========================================================================
Received Prepare
Registering precompiled user dll's ...
Registered in 0.004867 seconds.
Begin MonoManager ReloadAssembly
Symbol file LoadedFromMemory doesn't match image Z:\Sekalaiset projektit\Paattisten luontopolku\Paattisten_luontopolku_WebXR\Library\PackageCache\com.unity.visualscripting@1.7.2\Editor\VisualScripting.Core\Dependencies\YamlDotNet\Unity.VisualScripting.YamlDotNet.dll
Symbol file LoadedFromMemory doesn't match image Z:\Sekalaiset projektit\Paattisten luontopolku\Paattisten_luontopolku_WebXR\Library\PackageCache\com.unity.visualscripting@1.7.2\Editor\VisualScripting.Core\Dependencies\DotNetZip\Unity.VisualScripting.IonicZip.dll
Native extension for WindowsStandalone target not found
Native extension for WebGL target not found
Refreshing native plugins compatible for Editor in 1.62 ms, found 3 plugins.
Preloading 0 native plugins for Editor in 0.00 ms.
Mono: successfully reloaded assembly
- Completed reload, in  1.342 seconds
Domain Reload Profiling:
	ReloadAssembly (1343ms)
		BeginReloadAssembly (143ms)
			ExecutionOrderSort (0ms)
			DisableScriptedObjects (8ms)
			BackupInstance (0ms)
			ReleaseScriptingObjects (0ms)
			CreateAndSetChildDomain (38ms)
		EndReloadAssembly (1078ms)
			LoadAssemblies (99ms)
			RebuildTransferFunctionScriptingTraits (0ms)
			SetupTypeCache (314ms)
			ReleaseScriptCaches (2ms)
			RebuildScriptCaches (62ms)
			SetupLoadedEditorAssemblies (532ms)
				LogAssemblyErrors (0ms)
				InitializePlatformSupportModulesInManaged (18ms)
				SetLoadedEditorAssemblies (1ms)
				RefreshPlugins (2ms)
				BeforeProcessingInitializeOnLoad (100ms)
				ProcessInitializeOnLoadAttributes (315ms)
				ProcessInitializeOnLoadMethodAttributes (92ms)
				AfterProcessingInitializeOnLoad (5ms)
				EditorAssembliesLoaded (0ms)
			ExecutionOrderSort2 (0ms)
			AwakeInstancesAfterBackupRestoration (14ms)
Platform modules already initialized, skipping
Refreshing native plugins compatible for Editor in 1.11 ms, found 3 plugins.
Preloading 0 native plugins for Editor in 0.00 ms.
Unloading 4244 Unused Serialized files (Serialized files now loaded: 0)
Unloading 21 unused Assets / (24.7 KB). Loaded Objects now: 4887.
Memory consumption went from 275.6 MB to 275.6 MB.
Total: 4.341400 ms (FindLiveObjects: 0.507200 ms CreateObjectMapping: 0.138300 ms MarkObjects: 3.661800 ms  DeleteObjects: 0.031900 ms)

AssetImportParameters requested are different than current active one (requested -> active):
  custom:video-decoder-ogg-theora: a1e56fd34408186e4bbccfd4996cb3dc -> 
  custom:container-muxer-webm: aa71ff27fc2769a1b78a27578f13a17b -> 
  custom:container-demuxer-webm: 4f35f7cbe854078d1ac9338744f61a02 -> 
  custom:video-encoder-webm-vp8: eb34c28f22e8b96e1ab97ce403110664 -> 
  custom:audio-encoder-webm-vorbis: bf7c407c2cedff20999df2af8eb42d56 -> 
  custom:framework-win-MediaFoundation: 216162199b28c13a410421893ffa2e32 -> 
  custom:container-demuxer-ogg: 62fdf1f143b41e24485cea50d1cbac27 -> 
  custom:video-decoder-webm-vp8: 9c59270c3fd7afecdb556c50c9e8de78 -> 
  custom:audio-decoder-ogg-vorbis: bf7c407c2cedff20999df2af8eb42d56 -> 
========================================================================
Received Prepare
Refreshing native plugins compatible for Editor in 7.15 ms, found 3 plugins.
Preloading 0 native plugins for Editor in 0.00 ms.
Unloading 18 Unused Serialized files (Serialized files now loaded: 0)
Unloading 18 unused Assets / (21.9 KB). Loaded Objects now: 4887.
Memory consumption went from 189.4 MB to 189.3 MB.
Total: 7.945200 ms (FindLiveObjects: 0.580000 ms CreateObjectMapping: 0.211400 ms MarkObjects: 7.103500 ms  DeleteObjects: 0.049000 ms)

AssetImportParameters requested are different than current active one (requested -> active):
  custom:video-decoder-ogg-theora: a1e56fd34408186e4bbccfd4996cb3dc -> 
  custom:container-muxer-webm: aa71ff27fc2769a1b78a27578f13a17b -> 
  custom:container-demuxer-webm: 4f35f7cbe854078d1ac9338744f61a02 -> 
  custom:video-encoder-webm-vp8: eb34c28f22e8b96e1ab97ce403110664 -> 
  custom:audio-encoder-webm-vorbis: bf7c407c2cedff20999df2af8eb42d56 -> 
  custom:framework-win-MediaFoundation: 216162199b28c13a410421893ffa2e32 -> 
  custom:container-demuxer-ogg: 62fdf1f143b41e24485cea50d1cbac27 -> 
  custom:video-decoder-webm-vp8: 9c59270c3fd7afecdb556c50c9e8de78 -> 
  custom:audio-decoder-ogg-vorbis: bf7c407c2cedff20999df2af8eb42d56 -> 
