
=== Thu Dec  9 03:06:29 2021

Packages were changed.
Update Mode: updateDependencies

The following packages were updated:
  com.unity.collab-proxy from version 1.5.7 to 1.7.1
  com.unity.ide.rider from version 2.0.7 to 3.0.7
  com.unity.ide.visualstudio from version 2.0.8 to 2.0.9
  com.unity.test-framework from version 1.1.24 to 1.1.27
  com.unity.timeline from version 1.4.8 to 1.5.6

=== Mon Dec 13 16:16:28 2021

Packages were changed.
Update Mode: updateDependencies

The following packages were updated:
  com.unity.collab-proxy from version 1.7.1 to 1.15.4
  com.unity.ide.visualstudio from version 2.0.9 to 2.0.12
  com.unity.ide.vscode from version 1.2.3 to 1.2.4
  com.unity.test-framework from version 1.1.27 to 1.1.29
  com.unity.timeline from version 1.5.6 to 1.6.2

=== Fri Dec 17 21:46:24 2021

Packages were changed.
Update Mode: mergeDefaultDependencies

The following packages were added:
  com.unity.shadergraph@12.1.0
  com.unity.visualscripting@1.7.2
